<?xml version="1.0" encoding="UTF-8"?>
<robot generator="Robot 6.1.1 (Python 3.10.12 on linux)" generated="20231118 19:27:49.146" rpa="false" schemaversion="4">
<suite id="s1" name="Src" source="/home/nkuosa/Studies/TKT20006_Ohjelmistotuotanto/palautusrepositorio/viikko3/login-robot/src">
<suite id="s1-s1" name="Tests" source="/home/nkuosa/Studies/TKT20006_Ohjelmistotuotanto/palautusrepositorio/viikko3/login-robot/src/tests">
<suite id="s1-s1-s1" name="Login" source="/home/nkuosa/Studies/TKT20006_Ohjelmistotuotanto/palautusrepositorio/viikko3/login-robot/src/tests/login.robot">
<test id="s1-s1-s1-t1" name="Login With Correct Credentials" line="6">
<kw name="Create User And Input Login Command" type="SETUP">
<kw name="Create User" library="AppLibrary">
<arg>kalle</arg>
<arg>kalle123</arg>
<status status="PASS" starttime="20231118 19:27:49.159" endtime="20231118 19:27:49.159"/>
</kw>
<kw name="Input Login Command" library="resource">
<kw name="Input" library="AppLibrary">
<arg>login</arg>
<status status="PASS" starttime="20231118 19:27:49.159" endtime="20231118 19:27:49.159"/>
</kw>
<status status="PASS" starttime="20231118 19:27:49.159" endtime="20231118 19:27:49.159"/>
</kw>
<status status="PASS" starttime="20231118 19:27:49.159" endtime="20231118 19:27:49.159"/>
</kw>
<kw name="Input Credentials" library="resource">
<arg>kalle</arg>
<arg>kalle123</arg>
<kw name="Input" library="AppLibrary">
<arg>${username}</arg>
<status status="PASS" starttime="20231118 19:27:49.159" endtime="20231118 19:27:49.160"/>
</kw>
<kw name="Input" library="AppLibrary">
<arg>${password}</arg>
<status status="PASS" starttime="20231118 19:27:49.160" endtime="20231118 19:27:49.160"/>
</kw>
<kw name="Run Application" library="AppLibrary">
<status status="PASS" starttime="20231118 19:27:49.160" endtime="20231118 19:27:49.160"/>
</kw>
<status status="PASS" starttime="20231118 19:27:49.159" endtime="20231118 19:27:49.160"/>
</kw>
<kw name="Output Should Contain" library="AppLibrary">
<arg>Logged in</arg>
<status status="PASS" starttime="20231118 19:27:49.160" endtime="20231118 19:27:49.160"/>
</kw>
<status status="PASS" starttime="20231118 19:27:49.158" endtime="20231118 19:27:49.160"/>
</test>
<test id="s1-s1-s1-t2" name="Login With Incorrect Password" line="10">
<kw name="Create User And Input Login Command" type="SETUP">
<kw name="Create User" library="AppLibrary">
<arg>kalle</arg>
<arg>kalle123</arg>
<status status="PASS" starttime="20231118 19:27:49.160" endtime="20231118 19:27:49.160"/>
</kw>
<kw name="Input Login Command" library="resource">
<kw name="Input" library="AppLibrary">
<arg>login</arg>
<status status="PASS" starttime="20231118 19:27:49.161" endtime="20231118 19:27:49.161"/>
</kw>
<status status="PASS" starttime="20231118 19:27:49.160" endtime="20231118 19:27:49.161"/>
</kw>
<status status="PASS" starttime="20231118 19:27:49.160" endtime="20231118 19:27:49.161"/>
</kw>
<kw name="Input Credentials" library="resource">
<arg>kalle</arg>
<arg>kalle321</arg>
<kw name="Input" library="AppLibrary">
<arg>${username}</arg>
<status status="PASS" starttime="20231118 19:27:49.161" endtime="20231118 19:27:49.161"/>
</kw>
<kw name="Input" library="AppLibrary">
<arg>${password}</arg>
<status status="PASS" starttime="20231118 19:27:49.161" endtime="20231118 19:27:49.161"/>
</kw>
<kw name="Run Application" library="AppLibrary">
<status status="PASS" starttime="20231118 19:27:49.161" endtime="20231118 19:27:49.161"/>
</kw>
<status status="PASS" starttime="20231118 19:27:49.161" endtime="20231118 19:27:49.161"/>
</kw>
<kw name="Output Should Contain" library="AppLibrary">
<arg>Invalid username or password</arg>
<status status="PASS" starttime="20231118 19:27:49.161" endtime="20231118 19:27:49.161"/>
</kw>
<status status="PASS" starttime="20231118 19:27:49.160" endtime="20231118 19:27:49.161"/>
</test>
<test id="s1-s1-s1-t3" name="Login With Nonexistent Username" line="14">
<kw name="Create User And Input Login Command" type="SETUP">
<kw name="Create User" library="AppLibrary">
<arg>kalle</arg>
<arg>kalle123</arg>
<status status="PASS" starttime="20231118 19:27:49.162" endtime="20231118 19:27:49.162"/>
</kw>
<kw name="Input Login Command" library="resource">
<kw name="Input" library="AppLibrary">
<arg>login</arg>
<status status="PASS" starttime="20231118 19:27:49.162" endtime="20231118 19:27:49.162"/>
</kw>
<status status="PASS" starttime="20231118 19:27:49.162" endtime="20231118 19:27:49.162"/>
</kw>
<status status="PASS" starttime="20231118 19:27:49.161" endtime="20231118 19:27:49.162"/>
</kw>
<kw name="Input Credentials" library="resource">
<arg>palle</arg>
<arg>kalle123</arg>
<kw name="Input" library="AppLibrary">
<arg>${username}</arg>
<status status="PASS" starttime="20231118 19:27:49.162" endtime="20231118 19:27:49.162"/>
</kw>
<kw name="Input" library="AppLibrary">
<arg>${password}</arg>
<status status="PASS" starttime="20231118 19:27:49.162" endtime="20231118 19:27:49.162"/>
</kw>
<kw name="Run Application" library="AppLibrary">
<status status="PASS" starttime="20231118 19:27:49.162" endtime="20231118 19:27:49.162"/>
</kw>
<status status="PASS" starttime="20231118 19:27:49.162" endtime="20231118 19:27:49.162"/>
</kw>
<kw name="Output Should Contain" library="AppLibrary">
<arg>Invalid username or password</arg>
<status status="PASS" starttime="20231118 19:27:49.162" endtime="20231118 19:27:49.162"/>
</kw>
<status status="PASS" starttime="20231118 19:27:49.161" endtime="20231118 19:27:49.163"/>
</test>
<status status="PASS" starttime="20231118 19:27:49.156" endtime="20231118 19:27:49.163"/>
</suite>
<suite id="s1-s1-s2" name="Register" source="/home/nkuosa/Studies/TKT20006_Ohjelmistotuotanto/palautusrepositorio/viikko3/login-robot/src/tests/register.robot">
<test id="s1-s1-s2-t1" name="Register With Valid Username And Password" line="5">
<kw name="Input Register Command" library="resource">
<kw name="Input" library="AppLibrary">
<arg>new</arg>
<status status="PASS" starttime="20231118 19:27:49.164" endtime="20231118 19:27:49.164"/>
</kw>
<status status="PASS" starttime="20231118 19:27:49.164" endtime="20231118 19:27:49.164"/>
</kw>
<kw name="Input Credentials" library="resource">
<arg>kalle</arg>
<arg>kalle123</arg>
<kw name="Input" library="AppLibrary">
<arg>${username}</arg>
<status status="PASS" starttime="20231118 19:27:49.164" endtime="20231118 19:27:49.164"/>
</kw>
<kw name="Input" library="AppLibrary">
<arg>${password}</arg>
<status status="PASS" starttime="20231118 19:27:49.164" endtime="20231118 19:27:49.165"/>
</kw>
<kw name="Run Application" library="AppLibrary">
<status status="PASS" starttime="20231118 19:27:49.165" endtime="20231118 19:27:49.165"/>
</kw>
<status status="PASS" starttime="20231118 19:27:49.164" endtime="20231118 19:27:49.165"/>
</kw>
<kw name="Output Should Contain" library="AppLibrary">
<arg>New user registered</arg>
<status status="PASS" starttime="20231118 19:27:49.165" endtime="20231118 19:27:49.165"/>
</kw>
<status status="PASS" starttime="20231118 19:27:49.164" endtime="20231118 19:27:49.165"/>
</test>
<test id="s1-s1-s2-t2" name="Register With Already Taken Username And Valid Password" line="10">
<kw name="Input Register Command" library="resource">
<kw name="Input" library="AppLibrary">
<arg>new</arg>
<status status="PASS" starttime="20231118 19:27:49.165" endtime="20231118 19:27:49.165"/>
</kw>
<status status="PASS" starttime="20231118 19:27:49.165" endtime="20231118 19:27:49.165"/>
</kw>
<kw name="Input Credentials" library="resource">
<arg>kalle</arg>
<arg>kalle123</arg>
<kw name="Input" library="AppLibrary">
<arg>${username}</arg>
<status status="PASS" starttime="20231118 19:27:49.165" endtime="20231118 19:27:49.166"/>
</kw>
<kw name="Input" library="AppLibrary">
<arg>${password}</arg>
<status status="PASS" starttime="20231118 19:27:49.166" endtime="20231118 19:27:49.166"/>
</kw>
<kw name="Run Application" library="AppLibrary">
<status status="PASS" starttime="20231118 19:27:49.166" endtime="20231118 19:27:49.166"/>
</kw>
<status status="PASS" starttime="20231118 19:27:49.165" endtime="20231118 19:27:49.166"/>
</kw>
<kw name="Output Should Contain" library="AppLibrary">
<arg>New user registered</arg>
<status status="PASS" starttime="20231118 19:27:49.166" endtime="20231118 19:27:49.166"/>
</kw>
<kw name="Input Register Command" library="resource">
<kw name="Input" library="AppLibrary">
<arg>new</arg>
<status status="PASS" starttime="20231118 19:27:49.166" endtime="20231118 19:27:49.166"/>
</kw>
<status status="PASS" starttime="20231118 19:27:49.166" endtime="20231118 19:27:49.166"/>
</kw>
<kw name="Input Credentials" library="resource">
<arg>kalle</arg>
<arg>kalle123</arg>
<kw name="Input" library="AppLibrary">
<arg>${username}</arg>
<status status="PASS" starttime="20231118 19:27:49.166" endtime="20231118 19:27:49.166"/>
</kw>
<kw name="Input" library="AppLibrary">
<arg>${password}</arg>
<status status="PASS" starttime="20231118 19:27:49.166" endtime="20231118 19:27:49.167"/>
</kw>
<kw name="Run Application" library="AppLibrary">
<status status="PASS" starttime="20231118 19:27:49.167" endtime="20231118 19:27:49.167"/>
</kw>
<status status="PASS" starttime="20231118 19:27:49.166" endtime="20231118 19:27:49.167"/>
</kw>
<kw name="Output Should Contain" library="AppLibrary">
<arg>User with username kalle already exists</arg>
<status status="PASS" starttime="20231118 19:27:49.167" endtime="20231118 19:27:49.167"/>
</kw>
<status status="PASS" starttime="20231118 19:27:49.165" endtime="20231118 19:27:49.167"/>
</test>
<test id="s1-s1-s2-t3" name="Register With Too Short Username And Valid Password" line="18">
<kw name="Input Register Command" library="resource">
<kw name="Input" library="AppLibrary">
<arg>new</arg>
<status status="PASS" starttime="20231118 19:27:49.167" endtime="20231118 19:27:49.167"/>
</kw>
<status status="PASS" starttime="20231118 19:27:49.167" endtime="20231118 19:27:49.167"/>
</kw>
<kw name="Input Credentials" library="resource">
<arg>ka</arg>
<arg>kalle123</arg>
<kw name="Input" library="AppLibrary">
<arg>${username}</arg>
<status status="PASS" starttime="20231118 19:27:49.168" endtime="20231118 19:27:49.168"/>
</kw>
<kw name="Input" library="AppLibrary">
<arg>${password}</arg>
<status status="PASS" starttime="20231118 19:27:49.168" endtime="20231118 19:27:49.168"/>
</kw>
<kw name="Run Application" library="AppLibrary">
<status status="PASS" starttime="20231118 19:27:49.168" endtime="20231118 19:27:49.168"/>
</kw>
<status status="PASS" starttime="20231118 19:27:49.167" endtime="20231118 19:27:49.168"/>
</kw>
<kw name="Output Should Contain" library="AppLibrary">
<arg>too short username, min 3 characters</arg>
<status status="PASS" starttime="20231118 19:27:49.168" endtime="20231118 19:27:49.168"/>
</kw>
<status status="PASS" starttime="20231118 19:27:49.167" endtime="20231118 19:27:49.168"/>
</test>
<test id="s1-s1-s2-t4" name="Register With Enough Long But Invalid Username And Valid Password" line="23">
<kw name="Input Register Command" library="resource">
<kw name="Input" library="AppLibrary">
<arg>new</arg>
<status status="PASS" starttime="20231118 19:27:49.168" endtime="20231118 19:27:49.169"/>
</kw>
<status status="PASS" starttime="20231118 19:27:49.168" endtime="20231118 19:27:49.169"/>
</kw>
<kw name="Input Credentials" library="resource">
<arg>kauniskalle123</arg>
<arg>kalle123</arg>
<kw name="Input" library="AppLibrary">
<arg>${username}</arg>
<status status="PASS" starttime="20231118 19:27:49.169" endtime="20231118 19:27:49.169"/>
</kw>
<kw name="Input" library="AppLibrary">
<arg>${password}</arg>
<status status="PASS" starttime="20231118 19:27:49.169" endtime="20231118 19:27:49.169"/>
</kw>
<kw name="Run Application" library="AppLibrary">
<status status="PASS" starttime="20231118 19:27:49.169" endtime="20231118 19:27:49.169"/>
</kw>
<status status="PASS" starttime="20231118 19:27:49.169" endtime="20231118 19:27:49.169"/>
</kw>
<kw name="Output Should Contain" library="AppLibrary">
<arg>username can contain only small letters</arg>
<status status="PASS" starttime="20231118 19:27:49.169" endtime="20231118 19:27:49.169"/>
</kw>
<status status="PASS" starttime="20231118 19:27:49.168" endtime="20231118 19:27:49.169"/>
</test>
<test id="s1-s1-s2-t5" name="Register With Valid Username And Too Short Password" line="28">
<kw name="Input Register Command" library="resource">
<kw name="Input" library="AppLibrary">
<arg>new</arg>
<status status="PASS" starttime="20231118 19:27:49.170" endtime="20231118 19:27:49.170"/>
</kw>
<status status="PASS" starttime="20231118 19:27:49.169" endtime="20231118 19:27:49.170"/>
</kw>
<kw name="Input Credentials" library="resource">
<arg>kalle</arg>
<arg>kalu123</arg>
<kw name="Input" library="AppLibrary">
<arg>${username}</arg>
<status status="PASS" starttime="20231118 19:27:49.170" endtime="20231118 19:27:49.170"/>
</kw>
<kw name="Input" library="AppLibrary">
<arg>${password}</arg>
<status status="PASS" starttime="20231118 19:27:49.170" endtime="20231118 19:27:49.170"/>
</kw>
<kw name="Run Application" library="AppLibrary">
<status status="PASS" starttime="20231118 19:27:49.170" endtime="20231118 19:27:49.170"/>
</kw>
<status status="PASS" starttime="20231118 19:27:49.170" endtime="20231118 19:27:49.170"/>
</kw>
<kw name="Output Should Contain" library="AppLibrary">
<arg>too short password, min 8 characters</arg>
<status status="PASS" starttime="20231118 19:27:49.170" endtime="20231118 19:27:49.170"/>
</kw>
<status status="PASS" starttime="20231118 19:27:49.169" endtime="20231118 19:27:49.170"/>
</test>
<test id="s1-s1-s2-t6" name="Register With Valid Username And Long Enough Password Containing Only Letters" line="33">
<kw name="Input Register Command" library="resource">
<kw name="Input" library="AppLibrary">
<arg>new</arg>
<status status="PASS" starttime="20231118 19:27:49.171" endtime="20231118 19:27:49.171"/>
</kw>
<status status="PASS" starttime="20231118 19:27:49.171" endtime="20231118 19:27:49.171"/>
</kw>
<kw name="Input Credentials" library="resource">
<arg>kalle</arg>
<arg>kalukalle</arg>
<kw name="Input" library="AppLibrary">
<arg>${username}</arg>
<status status="PASS" starttime="20231118 19:27:49.171" endtime="20231118 19:27:49.171"/>
</kw>
<kw name="Input" library="AppLibrary">
<arg>${password}</arg>
<status status="PASS" starttime="20231118 19:27:49.171" endtime="20231118 19:27:49.171"/>
</kw>
<kw name="Run Application" library="AppLibrary">
<status status="PASS" starttime="20231118 19:27:49.171" endtime="20231118 19:27:49.171"/>
</kw>
<status status="PASS" starttime="20231118 19:27:49.171" endtime="20231118 19:27:49.171"/>
</kw>
<kw name="Output Should Contain" library="AppLibrary">
<arg>password cannot contain only Letters</arg>
<status status="PASS" starttime="20231118 19:27:49.171" endtime="20231118 19:27:49.171"/>
</kw>
<status status="PASS" starttime="20231118 19:27:49.171" endtime="20231118 19:27:49.172"/>
</test>
<status status="PASS" starttime="20231118 19:27:49.163" endtime="20231118 19:27:49.172"/>
</suite>
<status status="PASS" starttime="20231118 19:27:49.155" endtime="20231118 19:27:49.172"/>
</suite>
<status status="PASS" starttime="20231118 19:27:49.147" endtime="20231118 19:27:49.172"/>
</suite>
<statistics>
<total>
<stat pass="9" fail="0" skip="0">All Tests</stat>
</total>
<tag>
</tag>
<suite>
<stat pass="9" fail="0" skip="0" id="s1" name="Src">Src</stat>
<stat pass="9" fail="0" skip="0" id="s1-s1" name="Tests">Src.Tests</stat>
<stat pass="3" fail="0" skip="0" id="s1-s1-s1" name="Login">Src.Tests.Login</stat>
<stat pass="6" fail="0" skip="0" id="s1-s1-s2" name="Register">Src.Tests.Register</stat>
</suite>
</statistics>
<errors>
</errors>
</robot>
