<?xml version="1.0" encoding="UTF-8"?>
<robot generator="Robot 6.1.1 (Python 3.10.12 on linux)" generated="20231118 17:49:53.829" rpa="false" schemaversion="4">
<suite id="s1" name="Tests" source="/home/nkuosa/Studies/TKT20006_Ohjelmistotuotanto/palautusrepositorio/viikko3/login-robot/src/tests">
<suite id="s1-s1" name="Login" source="/home/nkuosa/Studies/TKT20006_Ohjelmistotuotanto/palautusrepositorio/viikko3/login-robot/src/tests/login.robot">
<test id="s1-s1-t1" name="Login With Correct Credentials" line="6">
<kw name="Create User And Input Login Command" type="SETUP">
<kw name="Create User" library="AppLibrary">
<arg>kalle</arg>
<arg>kalle123</arg>
<status status="PASS" starttime="20231118 17:49:53.852" endtime="20231118 17:49:53.852"/>
</kw>
<kw name="Input Login Command" library="resource">
<kw name="Input" library="AppLibrary">
<arg>login</arg>
<status status="PASS" starttime="20231118 17:49:53.853" endtime="20231118 17:49:53.853"/>
</kw>
<status status="PASS" starttime="20231118 17:49:53.853" endtime="20231118 17:49:53.853"/>
</kw>
<status status="PASS" starttime="20231118 17:49:53.852" endtime="20231118 17:49:53.853"/>
</kw>
<kw name="Input Credentials" library="resource">
<arg>kalle</arg>
<arg>kalle123</arg>
<kw name="Input" library="AppLibrary">
<arg>${username}</arg>
<status status="PASS" starttime="20231118 17:49:53.853" endtime="20231118 17:49:53.854"/>
</kw>
<kw name="Input" library="AppLibrary">
<arg>${password}</arg>
<status status="PASS" starttime="20231118 17:49:53.854" endtime="20231118 17:49:53.854"/>
</kw>
<kw name="Run Application" library="AppLibrary">
<status status="PASS" starttime="20231118 17:49:53.854" endtime="20231118 17:49:53.854"/>
</kw>
<status status="PASS" starttime="20231118 17:49:53.853" endtime="20231118 17:49:53.854"/>
</kw>
<kw name="Output Should Contain" library="AppLibrary">
<arg>Logged in</arg>
<status status="PASS" starttime="20231118 17:49:53.854" endtime="20231118 17:49:53.854"/>
</kw>
<status status="PASS" starttime="20231118 17:49:53.852" endtime="20231118 17:49:53.854"/>
</test>
<test id="s1-s1-t2" name="Login With Incorrect Password" line="10">
<kw name="Create User And Input Login Command" type="SETUP">
<kw name="Create User" library="AppLibrary">
<arg>kalle</arg>
<arg>kalle123</arg>
<status status="PASS" starttime="20231118 17:49:53.855" endtime="20231118 17:49:53.855"/>
</kw>
<kw name="Input Login Command" library="resource">
<kw name="Input" library="AppLibrary">
<arg>login</arg>
<status status="PASS" starttime="20231118 17:49:53.856" endtime="20231118 17:49:53.856"/>
</kw>
<status status="PASS" starttime="20231118 17:49:53.855" endtime="20231118 17:49:53.856"/>
</kw>
<status status="PASS" starttime="20231118 17:49:53.855" endtime="20231118 17:49:53.856"/>
</kw>
<kw name="Input Credentials" library="resource">
<arg>kalle</arg>
<arg>kalle321</arg>
<kw name="Input" library="AppLibrary">
<arg>${username}</arg>
<status status="PASS" starttime="20231118 17:49:53.856" endtime="20231118 17:49:53.856"/>
</kw>
<kw name="Input" library="AppLibrary">
<arg>${password}</arg>
<status status="PASS" starttime="20231118 17:49:53.856" endtime="20231118 17:49:53.856"/>
</kw>
<kw name="Run Application" library="AppLibrary">
<status status="PASS" starttime="20231118 17:49:53.856" endtime="20231118 17:49:53.857"/>
</kw>
<status status="PASS" starttime="20231118 17:49:53.856" endtime="20231118 17:49:53.857"/>
</kw>
<kw name="Output Should Contain" library="AppLibrary">
<arg>Invalid username or password</arg>
<status status="PASS" starttime="20231118 17:49:53.857" endtime="20231118 17:49:53.857"/>
</kw>
<status status="PASS" starttime="20231118 17:49:53.855" endtime="20231118 17:49:53.857"/>
</test>
<test id="s1-s1-t3" name="Login With Nonexistent Username" line="14">
<kw name="Create User And Input Login Command" type="SETUP">
<kw name="Create User" library="AppLibrary">
<arg>kalle</arg>
<arg>kalle123</arg>
<status status="PASS" starttime="20231118 17:49:53.857" endtime="20231118 17:49:53.858"/>
</kw>
<kw name="Input Login Command" library="resource">
<kw name="Input" library="AppLibrary">
<arg>login</arg>
<status status="PASS" starttime="20231118 17:49:53.858" endtime="20231118 17:49:53.858"/>
</kw>
<status status="PASS" starttime="20231118 17:49:53.858" endtime="20231118 17:49:53.858"/>
</kw>
<status status="PASS" starttime="20231118 17:49:53.857" endtime="20231118 17:49:53.858"/>
</kw>
<kw name="Input Credentials" library="resource">
<arg>palle</arg>
<arg>kalle123</arg>
<kw name="Input" library="AppLibrary">
<arg>${username}</arg>
<status status="PASS" starttime="20231118 17:49:53.858" endtime="20231118 17:49:53.859"/>
</kw>
<kw name="Input" library="AppLibrary">
<arg>${password}</arg>
<status status="PASS" starttime="20231118 17:49:53.859" endtime="20231118 17:49:53.859"/>
</kw>
<kw name="Run Application" library="AppLibrary">
<status status="PASS" starttime="20231118 17:49:53.859" endtime="20231118 17:49:53.859"/>
</kw>
<status status="PASS" starttime="20231118 17:49:53.858" endtime="20231118 17:49:53.859"/>
</kw>
<kw name="Output Should Contain" library="AppLibrary">
<arg>Invalid username or password</arg>
<status status="PASS" starttime="20231118 17:49:53.859" endtime="20231118 17:49:53.859"/>
</kw>
<status status="PASS" starttime="20231118 17:49:53.857" endtime="20231118 17:49:53.859"/>
</test>
<status status="PASS" starttime="20231118 17:49:53.846" endtime="20231118 17:49:53.860"/>
</suite>
<status status="PASS" starttime="20231118 17:49:53.830" endtime="20231118 17:49:53.860"/>
</suite>
<statistics>
<total>
<stat pass="3" fail="0" skip="0">All Tests</stat>
</total>
<tag>
</tag>
<suite>
<stat pass="3" fail="0" skip="0" id="s1" name="Tests">Tests</stat>
<stat pass="3" fail="0" skip="0" id="s1-s1" name="Login">Tests.Login</stat>
</suite>
</statistics>
<errors>
<msg timestamp="20231118 17:49:53.847" level="ERROR">Error in file '/home/nkuosa/Studies/TKT20006_Ohjelmistotuotanto/palautusrepositorio/viikko3/login-robot/src/tests/login.robot' on line 25: Creating keyword 'Invalid username or password' failed: User keyword cannot be empty.</msg>
</errors>
</robot>
